ERROR - 2025-11-03 20:27:06 --> mysqli_sql_exception: Invalid JSON text in argument 1 to function json_extract: "Invalid value." at position 0. in C:\laragon\www\Thesis\2025\ascot-realestate\backend\system\Database\MySQLi\Connection.php:327
Stack trace:
#0 C:\laragon\www\Thesis\2025\ascot-realestate\backend\system\Database\MySQLi\Connection.php(327): mysqli->query('SELECT COUNT(*)...', 0)
#1 C:\laragon\www\Thesis\2025\ascot-realestate\backend\system\Database\BaseConnection.php(729): CodeIgniter\Database\MySQLi\Connection->execute('SELECT COUNT(*)...')
#2 C:\laragon\www\Thesis\2025\ascot-realestate\backend\system\Database\BaseConnection.php(646): CodeIgniter\Database\BaseConnection->simpleQuery('SELECT COUNT(*)...')
#3 C:\laragon\www\Thesis\2025\ascot-realestate\backend\system\Database\BaseBuilder.php(1733): CodeIgniter\Database\BaseConnection->query('SELECT COUNT(*)...', Array, false)
#4 C:\laragon\www\Thesis\2025\ascot-realestate\backend\system\Model.php(675): CodeIgniter\Database\BaseBuilder->countAllResults(true)
#5 C:\laragon\www\Thesis\2025\ascot-realestate\backend\app\Controllers\DashboardController.php(43): CodeIgniter\Model->countAllResults()
#6 C:\laragon\www\Thesis\2025\ascot-realestate\backend\system\CodeIgniter.php(933): App\Controllers\DashboardController->getStatistics()
#7 C:\laragon\www\Thesis\2025\ascot-realestate\backend\system\CodeIgniter.php(507): CodeIgniter\CodeIgniter->runController(Object(App\Controllers\DashboardController))
#8 C:\laragon\www\Thesis\2025\ascot-realestate\backend\system\CodeIgniter.php(354): CodeIgniter\CodeIgniter->handleRequest(NULL, Object(Config\Cache), false)
#9 C:\laragon\www\Thesis\2025\ascot-realestate\backend\system\Boot.php(363): CodeIgniter\CodeIgniter->run()
#10 C:\laragon\www\Thesis\2025\ascot-realestate\backend\system\Boot.php(68): CodeIgniter\Boot::runCodeIgniter(Object(CodeIgniter\CodeIgniter))
#11 C:\laragon\www\Thesis\2025\ascot-realestate\backend\public\index.php(72): CodeIgniter\Boot::bootWeb(Object(Config\Paths))
#12 C:\laragon\www\Thesis\2025\ascot-realestate\backend\system\rewrite.php(44): require_once('C:\\laragon\\www\\...')
#13 {main}
ERROR - 2025-11-03 20:27:18 --> mysqli_sql_exception: Invalid JSON text in argument 1 to function json_extract: "Invalid value." at position 0. in C:\laragon\www\Thesis\2025\ascot-realestate\backend\system\Database\MySQLi\Connection.php:327
Stack trace:
#0 C:\laragon\www\Thesis\2025\ascot-realestate\backend\system\Database\MySQLi\Connection.php(327): mysqli->query('SELECT COUNT(*)...', 0)
#1 C:\laragon\www\Thesis\2025\ascot-realestate\backend\system\Database\BaseConnection.php(729): CodeIgniter\Database\MySQLi\Connection->execute('SELECT COUNT(*)...')
#2 C:\laragon\www\Thesis\2025\ascot-realestate\backend\system\Database\BaseConnection.php(646): CodeIgniter\Database\BaseConnection->simpleQuery('SELECT COUNT(*)...')
#3 C:\laragon\www\Thesis\2025\ascot-realestate\backend\system\Database\BaseBuilder.php(1733): CodeIgniter\Database\BaseConnection->query('SELECT COUNT(*)...', Array, false)
#4 C:\laragon\www\Thesis\2025\ascot-realestate\backend\system\Model.php(675): CodeIgniter\Database\BaseBuilder->countAllResults(true)
#5 C:\laragon\www\Thesis\2025\ascot-realestate\backend\app\Controllers\DashboardController.php(43): CodeIgniter\Model->countAllResults()
#6 C:\laragon\www\Thesis\2025\ascot-realestate\backend\system\CodeIgniter.php(933): App\Controllers\DashboardController->getStatistics()
#7 C:\laragon\www\Thesis\2025\ascot-realestate\backend\system\CodeIgniter.php(507): CodeIgniter\CodeIgniter->runController(Object(App\Controllers\DashboardController))
#8 C:\laragon\www\Thesis\2025\ascot-realestate\backend\system\CodeIgniter.php(354): CodeIgniter\CodeIgniter->handleRequest(NULL, Object(Config\Cache), false)
#9 C:\laragon\www\Thesis\2025\ascot-realestate\backend\system\Boot.php(363): CodeIgniter\CodeIgniter->run()
#10 C:\laragon\www\Thesis\2025\ascot-realestate\backend\system\Boot.php(68): CodeIgniter\Boot::runCodeIgniter(Object(CodeIgniter\CodeIgniter))
#11 C:\laragon\www\Thesis\2025\ascot-realestate\backend\public\index.php(72): CodeIgniter\Boot::bootWeb(Object(Config\Paths))
#12 C:\laragon\www\Thesis\2025\ascot-realestate\backend\system\rewrite.php(44): require_once('C:\\laragon\\www\\...')
#13 {main}
ERROR - 2025-11-03 20:27:26 --> mysqli_sql_exception: Invalid JSON text in argument 1 to function json_extract: "Invalid value." at position 0. in C:\laragon\www\Thesis\2025\ascot-realestate\backend\system\Database\MySQLi\Connection.php:327
Stack trace:
#0 C:\laragon\www\Thesis\2025\ascot-realestate\backend\system\Database\MySQLi\Connection.php(327): mysqli->query('SELECT COUNT(*)...', 0)
#1 C:\laragon\www\Thesis\2025\ascot-realestate\backend\system\Database\BaseConnection.php(729): CodeIgniter\Database\MySQLi\Connection->execute('SELECT COUNT(*)...')
#2 C:\laragon\www\Thesis\2025\ascot-realestate\backend\system\Database\BaseConnection.php(646): CodeIgniter\Database\BaseConnection->simpleQuery('SELECT COUNT(*)...')
#3 C:\laragon\www\Thesis\2025\ascot-realestate\backend\system\Database\BaseBuilder.php(1733): CodeIgniter\Database\BaseConnection->query('SELECT COUNT(*)...', Array, false)
#4 C:\laragon\www\Thesis\2025\ascot-realestate\backend\system\Model.php(675): CodeIgniter\Database\BaseBuilder->countAllResults(true)
#5 C:\laragon\www\Thesis\2025\ascot-realestate\backend\app\Controllers\DashboardController.php(43): CodeIgniter\Model->countAllResults()
#6 C:\laragon\www\Thesis\2025\ascot-realestate\backend\system\CodeIgniter.php(933): App\Controllers\DashboardController->getStatistics()
#7 C:\laragon\www\Thesis\2025\ascot-realestate\backend\system\CodeIgniter.php(507): CodeIgniter\CodeIgniter->runController(Object(App\Controllers\DashboardController))
#8 C:\laragon\www\Thesis\2025\ascot-realestate\backend\system\CodeIgniter.php(354): CodeIgniter\CodeIgniter->handleRequest(NULL, Object(Config\Cache), false)
#9 C:\laragon\www\Thesis\2025\ascot-realestate\backend\system\Boot.php(363): CodeIgniter\CodeIgniter->run()
#10 C:\laragon\www\Thesis\2025\ascot-realestate\backend\system\Boot.php(68): CodeIgniter\Boot::runCodeIgniter(Object(CodeIgniter\CodeIgniter))
#11 C:\laragon\www\Thesis\2025\ascot-realestate\backend\public\index.php(72): CodeIgniter\Boot::bootWeb(Object(Config\Paths))
#12 C:\laragon\www\Thesis\2025\ascot-realestate\backend\system\rewrite.php(44): require_once('C:\\laragon\\www\\...')
#13 {main}
ERROR - 2025-11-03 20:27:35 --> mysqli_sql_exception: Invalid JSON text in argument 1 to function json_extract: "Invalid value." at position 0. in C:\laragon\www\Thesis\2025\ascot-realestate\backend\system\Database\MySQLi\Connection.php:327
Stack trace:
#0 C:\laragon\www\Thesis\2025\ascot-realestate\backend\system\Database\MySQLi\Connection.php(327): mysqli->query('SELECT COUNT(*)...', 0)
#1 C:\laragon\www\Thesis\2025\ascot-realestate\backend\system\Database\BaseConnection.php(729): CodeIgniter\Database\MySQLi\Connection->execute('SELECT COUNT(*)...')
#2 C:\laragon\www\Thesis\2025\ascot-realestate\backend\system\Database\BaseConnection.php(646): CodeIgniter\Database\BaseConnection->simpleQuery('SELECT COUNT(*)...')
#3 C:\laragon\www\Thesis\2025\ascot-realestate\backend\system\Database\BaseBuilder.php(1733): CodeIgniter\Database\BaseConnection->query('SELECT COUNT(*)...', Array, false)
#4 C:\laragon\www\Thesis\2025\ascot-realestate\backend\system\Model.php(675): CodeIgniter\Database\BaseBuilder->countAllResults(true)
#5 C:\laragon\www\Thesis\2025\ascot-realestate\backend\app\Controllers\DashboardController.php(43): CodeIgniter\Model->countAllResults()
#6 C:\laragon\www\Thesis\2025\ascot-realestate\backend\system\CodeIgniter.php(933): App\Controllers\DashboardController->getStatistics()
#7 C:\laragon\www\Thesis\2025\ascot-realestate\backend\system\CodeIgniter.php(507): CodeIgniter\CodeIgniter->runController(Object(App\Controllers\DashboardController))
#8 C:\laragon\www\Thesis\2025\ascot-realestate\backend\system\CodeIgniter.php(354): CodeIgniter\CodeIgniter->handleRequest(NULL, Object(Config\Cache), false)
#9 C:\laragon\www\Thesis\2025\ascot-realestate\backend\system\Boot.php(363): CodeIgniter\CodeIgniter->run()
#10 C:\laragon\www\Thesis\2025\ascot-realestate\backend\system\Boot.php(68): CodeIgniter\Boot::runCodeIgniter(Object(CodeIgniter\CodeIgniter))
#11 C:\laragon\www\Thesis\2025\ascot-realestate\backend\public\index.php(72): CodeIgniter\Boot::bootWeb(Object(Config\Paths))
#12 C:\laragon\www\Thesis\2025\ascot-realestate\backend\system\rewrite.php(44): require_once('C:\\laragon\\www\\...')
#13 {main}
ERROR - 2025-11-03 20:27:43 --> mysqli_sql_exception: Invalid JSON text in argument 1 to function json_extract: "Invalid value." at position 0. in C:\laragon\www\Thesis\2025\ascot-realestate\backend\system\Database\MySQLi\Connection.php:327
Stack trace:
#0 C:\laragon\www\Thesis\2025\ascot-realestate\backend\system\Database\MySQLi\Connection.php(327): mysqli->query('SELECT COUNT(*)...', 0)
#1 C:\laragon\www\Thesis\2025\ascot-realestate\backend\system\Database\BaseConnection.php(729): CodeIgniter\Database\MySQLi\Connection->execute('SELECT COUNT(*)...')
#2 C:\laragon\www\Thesis\2025\ascot-realestate\backend\system\Database\BaseConnection.php(646): CodeIgniter\Database\BaseConnection->simpleQuery('SELECT COUNT(*)...')
#3 C:\laragon\www\Thesis\2025\ascot-realestate\backend\system\Database\BaseBuilder.php(1733): CodeIgniter\Database\BaseConnection->query('SELECT COUNT(*)...', Array, false)
#4 C:\laragon\www\Thesis\2025\ascot-realestate\backend\system\Model.php(675): CodeIgniter\Database\BaseBuilder->countAllResults(true)
#5 C:\laragon\www\Thesis\2025\ascot-realestate\backend\app\Controllers\DashboardController.php(43): CodeIgniter\Model->countAllResults()
#6 C:\laragon\www\Thesis\2025\ascot-realestate\backend\system\CodeIgniter.php(933): App\Controllers\DashboardController->getStatistics()
#7 C:\laragon\www\Thesis\2025\ascot-realestate\backend\system\CodeIgniter.php(507): CodeIgniter\CodeIgniter->runController(Object(App\Controllers\DashboardController))
#8 C:\laragon\www\Thesis\2025\ascot-realestate\backend\system\CodeIgniter.php(354): CodeIgniter\CodeIgniter->handleRequest(NULL, Object(Config\Cache), false)
#9 C:\laragon\www\Thesis\2025\ascot-realestate\backend\system\Boot.php(363): CodeIgniter\CodeIgniter->run()
#10 C:\laragon\www\Thesis\2025\ascot-realestate\backend\system\Boot.php(68): CodeIgniter\Boot::runCodeIgniter(Object(CodeIgniter\CodeIgniter))
#11 C:\laragon\www\Thesis\2025\ascot-realestate\backend\public\index.php(72): CodeIgniter\Boot::bootWeb(Object(Config\Paths))
#12 C:\laragon\www\Thesis\2025\ascot-realestate\backend\system\rewrite.php(44): require_once('C:\\laragon\\www\\...')
#13 {main}
ERROR - 2025-11-03 20:27:54 --> mysqli_sql_exception: Invalid JSON text in argument 1 to function json_extract: "Invalid value." at position 0. in C:\laragon\www\Thesis\2025\ascot-realestate\backend\system\Database\MySQLi\Connection.php:327
Stack trace:
#0 C:\laragon\www\Thesis\2025\ascot-realestate\backend\system\Database\MySQLi\Connection.php(327): mysqli->query('SELECT COUNT(*)...', 0)
#1 C:\laragon\www\Thesis\2025\ascot-realestate\backend\system\Database\BaseConnection.php(729): CodeIgniter\Database\MySQLi\Connection->execute('SELECT COUNT(*)...')
#2 C:\laragon\www\Thesis\2025\ascot-realestate\backend\system\Database\BaseConnection.php(646): CodeIgniter\Database\BaseConnection->simpleQuery('SELECT COUNT(*)...')
#3 C:\laragon\www\Thesis\2025\ascot-realestate\backend\system\Database\BaseBuilder.php(1733): CodeIgniter\Database\BaseConnection->query('SELECT COUNT(*)...', Array, false)
#4 C:\laragon\www\Thesis\2025\ascot-realestate\backend\system\Model.php(675): CodeIgniter\Database\BaseBuilder->countAllResults(true)
#5 C:\laragon\www\Thesis\2025\ascot-realestate\backend\app\Controllers\DashboardController.php(43): CodeIgniter\Model->countAllResults()
#6 C:\laragon\www\Thesis\2025\ascot-realestate\backend\system\CodeIgniter.php(933): App\Controllers\DashboardController->getStatistics()
#7 C:\laragon\www\Thesis\2025\ascot-realestate\backend\system\CodeIgniter.php(507): CodeIgniter\CodeIgniter->runController(Object(App\Controllers\DashboardController))
#8 C:\laragon\www\Thesis\2025\ascot-realestate\backend\system\CodeIgniter.php(354): CodeIgniter\CodeIgniter->handleRequest(NULL, Object(Config\Cache), false)
#9 C:\laragon\www\Thesis\2025\ascot-realestate\backend\system\Boot.php(363): CodeIgniter\CodeIgniter->run()
#10 C:\laragon\www\Thesis\2025\ascot-realestate\backend\system\Boot.php(68): CodeIgniter\Boot::runCodeIgniter(Object(CodeIgniter\CodeIgniter))
#11 C:\laragon\www\Thesis\2025\ascot-realestate\backend\public\index.php(72): CodeIgniter\Boot::bootWeb(Object(Config\Paths))
#12 C:\laragon\www\Thesis\2025\ascot-realestate\backend\system\rewrite.php(44): require_once('C:\\laragon\\www\\...')
#13 {main}
ERROR - 2025-11-03 20:28:01 --> mysqli_sql_exception: Invalid JSON text in argument 1 to function json_extract: "Invalid value." at position 0. in C:\laragon\www\Thesis\2025\ascot-realestate\backend\system\Database\MySQLi\Connection.php:327
Stack trace:
#0 C:\laragon\www\Thesis\2025\ascot-realestate\backend\system\Database\MySQLi\Connection.php(327): mysqli->query('SELECT COUNT(*)...', 0)
#1 C:\laragon\www\Thesis\2025\ascot-realestate\backend\system\Database\BaseConnection.php(729): CodeIgniter\Database\MySQLi\Connection->execute('SELECT COUNT(*)...')
#2 C:\laragon\www\Thesis\2025\ascot-realestate\backend\system\Database\BaseConnection.php(646): CodeIgniter\Database\BaseConnection->simpleQuery('SELECT COUNT(*)...')
#3 C:\laragon\www\Thesis\2025\ascot-realestate\backend\system\Database\BaseBuilder.php(1733): CodeIgniter\Database\BaseConnection->query('SELECT COUNT(*)...', Array, false)
#4 C:\laragon\www\Thesis\2025\ascot-realestate\backend\system\Model.php(675): CodeIgniter\Database\BaseBuilder->countAllResults(true)
#5 C:\laragon\www\Thesis\2025\ascot-realestate\backend\app\Controllers\DashboardController.php(43): CodeIgniter\Model->countAllResults()
#6 C:\laragon\www\Thesis\2025\ascot-realestate\backend\system\CodeIgniter.php(933): App\Controllers\DashboardController->getStatistics()
#7 C:\laragon\www\Thesis\2025\ascot-realestate\backend\system\CodeIgniter.php(507): CodeIgniter\CodeIgniter->runController(Object(App\Controllers\DashboardController))
#8 C:\laragon\www\Thesis\2025\ascot-realestate\backend\system\CodeIgniter.php(354): CodeIgniter\CodeIgniter->handleRequest(NULL, Object(Config\Cache), false)
#9 C:\laragon\www\Thesis\2025\ascot-realestate\backend\system\Boot.php(363): CodeIgniter\CodeIgniter->run()
#10 C:\laragon\www\Thesis\2025\ascot-realestate\backend\system\Boot.php(68): CodeIgniter\Boot::runCodeIgniter(Object(CodeIgniter\CodeIgniter))
#11 C:\laragon\www\Thesis\2025\ascot-realestate\backend\public\index.php(72): CodeIgniter\Boot::bootWeb(Object(Config\Paths))
#12 C:\laragon\www\Thesis\2025\ascot-realestate\backend\system\rewrite.php(44): require_once('C:\\laragon\\www\\...')
#13 {main}
ERROR - 2025-11-03 20:30:17 --> mysqli_sql_exception: Invalid JSON text in argument 1 to function json_extract: "Invalid value." at position 0. in C:\laragon\www\Thesis\2025\ascot-realestate\backend\system\Database\MySQLi\Connection.php:327
Stack trace:
#0 C:\laragon\www\Thesis\2025\ascot-realestate\backend\system\Database\MySQLi\Connection.php(327): mysqli->query('SELECT COUNT(*)...', 0)
#1 C:\laragon\www\Thesis\2025\ascot-realestate\backend\system\Database\BaseConnection.php(729): CodeIgniter\Database\MySQLi\Connection->execute('SELECT COUNT(*)...')
#2 C:\laragon\www\Thesis\2025\ascot-realestate\backend\system\Database\BaseConnection.php(646): CodeIgniter\Database\BaseConnection->simpleQuery('SELECT COUNT(*)...')
#3 C:\laragon\www\Thesis\2025\ascot-realestate\backend\system\Database\BaseBuilder.php(1733): CodeIgniter\Database\BaseConnection->query('SELECT COUNT(*)...', Array, false)
#4 C:\laragon\www\Thesis\2025\ascot-realestate\backend\system\Model.php(675): CodeIgniter\Database\BaseBuilder->countAllResults(true)
#5 C:\laragon\www\Thesis\2025\ascot-realestate\backend\app\Controllers\DashboardController.php(43): CodeIgniter\Model->countAllResults()
#6 C:\laragon\www\Thesis\2025\ascot-realestate\backend\system\CodeIgniter.php(933): App\Controllers\DashboardController->getStatistics()
#7 C:\laragon\www\Thesis\2025\ascot-realestate\backend\system\CodeIgniter.php(507): CodeIgniter\CodeIgniter->runController(Object(App\Controllers\DashboardController))
#8 C:\laragon\www\Thesis\2025\ascot-realestate\backend\system\CodeIgniter.php(354): CodeIgniter\CodeIgniter->handleRequest(NULL, Object(Config\Cache), false)
#9 C:\laragon\www\Thesis\2025\ascot-realestate\backend\system\Boot.php(363): CodeIgniter\CodeIgniter->run()
#10 C:\laragon\www\Thesis\2025\ascot-realestate\backend\system\Boot.php(68): CodeIgniter\Boot::runCodeIgniter(Object(CodeIgniter\CodeIgniter))
#11 C:\laragon\www\Thesis\2025\ascot-realestate\backend\public\index.php(72): CodeIgniter\Boot::bootWeb(Object(Config\Paths))
#12 C:\laragon\www\Thesis\2025\ascot-realestate\backend\system\rewrite.php(44): require_once('C:\\laragon\\www\\...')
#13 {main}
ERROR - 2025-11-03 20:30:35 --> mysqli_sql_exception: Invalid JSON text in argument 1 to function json_extract: "Invalid value." at position 0. in C:\laragon\www\Thesis\2025\ascot-realestate\backend\system\Database\MySQLi\Connection.php:327
Stack trace:
#0 C:\laragon\www\Thesis\2025\ascot-realestate\backend\system\Database\MySQLi\Connection.php(327): mysqli->query('SELECT COUNT(*)...', 0)
#1 C:\laragon\www\Thesis\2025\ascot-realestate\backend\system\Database\BaseConnection.php(729): CodeIgniter\Database\MySQLi\Connection->execute('SELECT COUNT(*)...')
#2 C:\laragon\www\Thesis\2025\ascot-realestate\backend\system\Database\BaseConnection.php(646): CodeIgniter\Database\BaseConnection->simpleQuery('SELECT COUNT(*)...')
#3 C:\laragon\www\Thesis\2025\ascot-realestate\backend\system\Database\BaseBuilder.php(1733): CodeIgniter\Database\BaseConnection->query('SELECT COUNT(*)...', Array, false)
#4 C:\laragon\www\Thesis\2025\ascot-realestate\backend\system\Model.php(675): CodeIgniter\Database\BaseBuilder->countAllResults(true)
#5 C:\laragon\www\Thesis\2025\ascot-realestate\backend\app\Controllers\DashboardController.php(43): CodeIgniter\Model->countAllResults()
#6 C:\laragon\www\Thesis\2025\ascot-realestate\backend\system\CodeIgniter.php(933): App\Controllers\DashboardController->getStatistics()
#7 C:\laragon\www\Thesis\2025\ascot-realestate\backend\system\CodeIgniter.php(507): CodeIgniter\CodeIgniter->runController(Object(App\Controllers\DashboardController))
#8 C:\laragon\www\Thesis\2025\ascot-realestate\backend\system\CodeIgniter.php(354): CodeIgniter\CodeIgniter->handleRequest(NULL, Object(Config\Cache), false)
#9 C:\laragon\www\Thesis\2025\ascot-realestate\backend\system\Boot.php(363): CodeIgniter\CodeIgniter->run()
#10 C:\laragon\www\Thesis\2025\ascot-realestate\backend\system\Boot.php(68): CodeIgniter\Boot::runCodeIgniter(Object(CodeIgniter\CodeIgniter))
#11 C:\laragon\www\Thesis\2025\ascot-realestate\backend\public\index.php(72): CodeIgniter\Boot::bootWeb(Object(Config\Paths))
#12 C:\laragon\www\Thesis\2025\ascot-realestate\backend\system\rewrite.php(44): require_once('C:\\laragon\\www\\...')
#13 {main}
ERROR - 2025-11-03 20:30:48 --> mysqli_sql_exception: Invalid JSON text in argument 1 to function json_extract: "Invalid value." at position 0. in C:\laragon\www\Thesis\2025\ascot-realestate\backend\system\Database\MySQLi\Connection.php:327
Stack trace:
#0 C:\laragon\www\Thesis\2025\ascot-realestate\backend\system\Database\MySQLi\Connection.php(327): mysqli->query('SELECT COUNT(*)...', 0)
#1 C:\laragon\www\Thesis\2025\ascot-realestate\backend\system\Database\BaseConnection.php(729): CodeIgniter\Database\MySQLi\Connection->execute('SELECT COUNT(*)...')
#2 C:\laragon\www\Thesis\2025\ascot-realestate\backend\system\Database\BaseConnection.php(646): CodeIgniter\Database\BaseConnection->simpleQuery('SELECT COUNT(*)...')
#3 C:\laragon\www\Thesis\2025\ascot-realestate\backend\system\Database\BaseBuilder.php(1733): CodeIgniter\Database\BaseConnection->query('SELECT COUNT(*)...', Array, false)
#4 C:\laragon\www\Thesis\2025\ascot-realestate\backend\system\Model.php(675): CodeIgniter\Database\BaseBuilder->countAllResults(true)
#5 C:\laragon\www\Thesis\2025\ascot-realestate\backend\app\Controllers\DashboardController.php(43): CodeIgniter\Model->countAllResults()
#6 C:\laragon\www\Thesis\2025\ascot-realestate\backend\system\CodeIgniter.php(933): App\Controllers\DashboardController->getStatistics()
#7 C:\laragon\www\Thesis\2025\ascot-realestate\backend\system\CodeIgniter.php(507): CodeIgniter\CodeIgniter->runController(Object(App\Controllers\DashboardController))
#8 C:\laragon\www\Thesis\2025\ascot-realestate\backend\system\CodeIgniter.php(354): CodeIgniter\CodeIgniter->handleRequest(NULL, Object(Config\Cache), false)
#9 C:\laragon\www\Thesis\2025\ascot-realestate\backend\system\Boot.php(363): CodeIgniter\CodeIgniter->run()
#10 C:\laragon\www\Thesis\2025\ascot-realestate\backend\system\Boot.php(68): CodeIgniter\Boot::runCodeIgniter(Object(CodeIgniter\CodeIgniter))
#11 C:\laragon\www\Thesis\2025\ascot-realestate\backend\public\index.php(72): CodeIgniter\Boot::bootWeb(Object(Config\Paths))
#12 C:\laragon\www\Thesis\2025\ascot-realestate\backend\system\rewrite.php(44): require_once('C:\\laragon\\www\\...')
#13 {main}
ERROR - 2025-11-03 20:38:35 --> mysqli_sql_exception: Unknown column 'status' in 'where clause' in C:\laragon\www\Thesis\2025\ascot-realestate\backend\system\Database\MySQLi\Connection.php:327
Stack trace:
#0 C:\laragon\www\Thesis\2025\ascot-realestate\backend\system\Database\MySQLi\Connection.php(327): mysqli->query('SELECT COUNT(*)...', 0)
#1 C:\laragon\www\Thesis\2025\ascot-realestate\backend\system\Database\BaseConnection.php(729): CodeIgniter\Database\MySQLi\Connection->execute('SELECT COUNT(*)...')
#2 C:\laragon\www\Thesis\2025\ascot-realestate\backend\system\Database\BaseConnection.php(646): CodeIgniter\Database\BaseConnection->simpleQuery('SELECT COUNT(*)...')
#3 C:\laragon\www\Thesis\2025\ascot-realestate\backend\system\Database\BaseBuilder.php(1733): CodeIgniter\Database\BaseConnection->query('SELECT COUNT(*)...', Array, false)
#4 C:\laragon\www\Thesis\2025\ascot-realestate\backend\system\Model.php(675): CodeIgniter\Database\BaseBuilder->countAllResults(true)
#5 C:\laragon\www\Thesis\2025\ascot-realestate\backend\app\Controllers\TransactionController.php(215): CodeIgniter\Model->countAllResults()
#6 C:\laragon\www\Thesis\2025\ascot-realestate\backend\system\CodeIgniter.php(933): App\Controllers\TransactionController->getQuickStats()
#7 C:\laragon\www\Thesis\2025\ascot-realestate\backend\system\CodeIgniter.php(507): CodeIgniter\CodeIgniter->runController(Object(App\Controllers\TransactionController))
#8 C:\laragon\www\Thesis\2025\ascot-realestate\backend\system\CodeIgniter.php(354): CodeIgniter\CodeIgniter->handleRequest(NULL, Object(Config\Cache), false)
#9 C:\laragon\www\Thesis\2025\ascot-realestate\backend\system\Boot.php(363): CodeIgniter\CodeIgniter->run()
#10 C:\laragon\www\Thesis\2025\ascot-realestate\backend\system\Boot.php(68): CodeIgniter\Boot::runCodeIgniter(Object(CodeIgniter\CodeIgniter))
#11 C:\laragon\www\Thesis\2025\ascot-realestate\backend\public\index.php(72): CodeIgniter\Boot::bootWeb(Object(Config\Paths))
#12 C:\laragon\www\Thesis\2025\ascot-realestate\backend\system\rewrite.php(44): require_once('C:\\laragon\\www\\...')
#13 {main}
ERROR - 2025-11-03 20:42:59 --> mysqli_sql_exception: Unknown column 'status' in 'where clause' in C:\laragon\www\Thesis\2025\ascot-realestate\backend\system\Database\MySQLi\Connection.php:327
Stack trace:
#0 C:\laragon\www\Thesis\2025\ascot-realestate\backend\system\Database\MySQLi\Connection.php(327): mysqli->query('SELECT COUNT(*)...', 0)
#1 C:\laragon\www\Thesis\2025\ascot-realestate\backend\system\Database\BaseConnection.php(729): CodeIgniter\Database\MySQLi\Connection->execute('SELECT COUNT(*)...')
#2 C:\laragon\www\Thesis\2025\ascot-realestate\backend\system\Database\BaseConnection.php(646): CodeIgniter\Database\BaseConnection->simpleQuery('SELECT COUNT(*)...')
#3 C:\laragon\www\Thesis\2025\ascot-realestate\backend\system\Database\BaseBuilder.php(1733): CodeIgniter\Database\BaseConnection->query('SELECT COUNT(*)...', Array, false)
#4 C:\laragon\www\Thesis\2025\ascot-realestate\backend\system\Model.php(675): CodeIgniter\Database\BaseBuilder->countAllResults(true)
#5 C:\laragon\www\Thesis\2025\ascot-realestate\backend\app\Controllers\TransactionController.php(215): CodeIgniter\Model->countAllResults()
#6 C:\laragon\www\Thesis\2025\ascot-realestate\backend\system\CodeIgniter.php(933): App\Controllers\TransactionController->getQuickStats()
#7 C:\laragon\www\Thesis\2025\ascot-realestate\backend\system\CodeIgniter.php(507): CodeIgniter\CodeIgniter->runController(Object(App\Controllers\TransactionController))
#8 C:\laragon\www\Thesis\2025\ascot-realestate\backend\system\CodeIgniter.php(354): CodeIgniter\CodeIgniter->handleRequest(NULL, Object(Config\Cache), false)
#9 C:\laragon\www\Thesis\2025\ascot-realestate\backend\system\Boot.php(363): CodeIgniter\CodeIgniter->run()
#10 C:\laragon\www\Thesis\2025\ascot-realestate\backend\system\Boot.php(68): CodeIgniter\Boot::runCodeIgniter(Object(CodeIgniter\CodeIgniter))
#11 C:\laragon\www\Thesis\2025\ascot-realestate\backend\public\index.php(72): CodeIgniter\Boot::bootWeb(Object(Config\Paths))
#12 C:\laragon\www\Thesis\2025\ascot-realestate\backend\system\rewrite.php(44): require_once('C:\\laragon\\www\\...')
#13 {main}
ERROR - 2025-11-03 20:43:27 --> mysqli_sql_exception: Unknown column 'status' in 'where clause' in C:\laragon\www\Thesis\2025\ascot-realestate\backend\system\Database\MySQLi\Connection.php:327
Stack trace:
#0 C:\laragon\www\Thesis\2025\ascot-realestate\backend\system\Database\MySQLi\Connection.php(327): mysqli->query('SELECT COUNT(*)...', 0)
#1 C:\laragon\www\Thesis\2025\ascot-realestate\backend\system\Database\BaseConnection.php(729): CodeIgniter\Database\MySQLi\Connection->execute('SELECT COUNT(*)...')
#2 C:\laragon\www\Thesis\2025\ascot-realestate\backend\system\Database\BaseConnection.php(646): CodeIgniter\Database\BaseConnection->simpleQuery('SELECT COUNT(*)...')
#3 C:\laragon\www\Thesis\2025\ascot-realestate\backend\system\Database\BaseBuilder.php(1733): CodeIgniter\Database\BaseConnection->query('SELECT COUNT(*)...', Array, false)
#4 C:\laragon\www\Thesis\2025\ascot-realestate\backend\system\Model.php(675): CodeIgniter\Database\BaseBuilder->countAllResults(true)
#5 C:\laragon\www\Thesis\2025\ascot-realestate\backend\app\Controllers\TransactionController.php(215): CodeIgniter\Model->countAllResults()
#6 C:\laragon\www\Thesis\2025\ascot-realestate\backend\system\CodeIgniter.php(933): App\Controllers\TransactionController->getQuickStats()
#7 C:\laragon\www\Thesis\2025\ascot-realestate\backend\system\CodeIgniter.php(507): CodeIgniter\CodeIgniter->runController(Object(App\Controllers\TransactionController))
#8 C:\laragon\www\Thesis\2025\ascot-realestate\backend\system\CodeIgniter.php(354): CodeIgniter\CodeIgniter->handleRequest(NULL, Object(Config\Cache), false)
#9 C:\laragon\www\Thesis\2025\ascot-realestate\backend\system\Boot.php(363): CodeIgniter\CodeIgniter->run()
#10 C:\laragon\www\Thesis\2025\ascot-realestate\backend\system\Boot.php(68): CodeIgniter\Boot::runCodeIgniter(Object(CodeIgniter\CodeIgniter))
#11 C:\laragon\www\Thesis\2025\ascot-realestate\backend\public\index.php(72): CodeIgniter\Boot::bootWeb(Object(Config\Paths))
#12 C:\laragon\www\Thesis\2025\ascot-realestate\backend\system\rewrite.php(44): require_once('C:\\laragon\\www\\...')
#13 {main}
ERROR - 2025-11-03 20:44:15 --> mysqli_sql_exception: Unknown column 'status' in 'where clause' in C:\laragon\www\Thesis\2025\ascot-realestate\backend\system\Database\MySQLi\Connection.php:327
Stack trace:
#0 C:\laragon\www\Thesis\2025\ascot-realestate\backend\system\Database\MySQLi\Connection.php(327): mysqli->query('SELECT COUNT(*)...', 0)
#1 C:\laragon\www\Thesis\2025\ascot-realestate\backend\system\Database\BaseConnection.php(729): CodeIgniter\Database\MySQLi\Connection->execute('SELECT COUNT(*)...')
#2 C:\laragon\www\Thesis\2025\ascot-realestate\backend\system\Database\BaseConnection.php(646): CodeIgniter\Database\BaseConnection->simpleQuery('SELECT COUNT(*)...')
#3 C:\laragon\www\Thesis\2025\ascot-realestate\backend\system\Database\BaseBuilder.php(1733): CodeIgniter\Database\BaseConnection->query('SELECT COUNT(*)...', Array, false)
#4 C:\laragon\www\Thesis\2025\ascot-realestate\backend\system\Model.php(675): CodeIgniter\Database\BaseBuilder->countAllResults(true)
#5 C:\laragon\www\Thesis\2025\ascot-realestate\backend\app\Controllers\TransactionController.php(215): CodeIgniter\Model->countAllResults()
#6 C:\laragon\www\Thesis\2025\ascot-realestate\backend\system\CodeIgniter.php(933): App\Controllers\TransactionController->getQuickStats()
#7 C:\laragon\www\Thesis\2025\ascot-realestate\backend\system\CodeIgniter.php(507): CodeIgniter\CodeIgniter->runController(Object(App\Controllers\TransactionController))
#8 C:\laragon\www\Thesis\2025\ascot-realestate\backend\system\CodeIgniter.php(354): CodeIgniter\CodeIgniter->handleRequest(NULL, Object(Config\Cache), false)
#9 C:\laragon\www\Thesis\2025\ascot-realestate\backend\system\Boot.php(363): CodeIgniter\CodeIgniter->run()
#10 C:\laragon\www\Thesis\2025\ascot-realestate\backend\system\Boot.php(68): CodeIgniter\Boot::runCodeIgniter(Object(CodeIgniter\CodeIgniter))
#11 C:\laragon\www\Thesis\2025\ascot-realestate\backend\public\index.php(72): CodeIgniter\Boot::bootWeb(Object(Config\Paths))
#12 C:\laragon\www\Thesis\2025\ascot-realestate\backend\system\rewrite.php(44): require_once('C:\\laragon\\www\\...')
#13 {main}
ERROR - 2025-11-03 20:44:31 --> mysqli_sql_exception: Unknown column 'status' in 'where clause' in C:\laragon\www\Thesis\2025\ascot-realestate\backend\system\Database\MySQLi\Connection.php:327
Stack trace:
#0 C:\laragon\www\Thesis\2025\ascot-realestate\backend\system\Database\MySQLi\Connection.php(327): mysqli->query('SELECT COUNT(*)...', 0)
#1 C:\laragon\www\Thesis\2025\ascot-realestate\backend\system\Database\BaseConnection.php(729): CodeIgniter\Database\MySQLi\Connection->execute('SELECT COUNT(*)...')
#2 C:\laragon\www\Thesis\2025\ascot-realestate\backend\system\Database\BaseConnection.php(646): CodeIgniter\Database\BaseConnection->simpleQuery('SELECT COUNT(*)...')
#3 C:\laragon\www\Thesis\2025\ascot-realestate\backend\system\Database\BaseBuilder.php(1733): CodeIgniter\Database\BaseConnection->query('SELECT COUNT(*)...', Array, false)
#4 C:\laragon\www\Thesis\2025\ascot-realestate\backend\system\Model.php(675): CodeIgniter\Database\BaseBuilder->countAllResults(true)
#5 C:\laragon\www\Thesis\2025\ascot-realestate\backend\app\Controllers\TransactionController.php(215): CodeIgniter\Model->countAllResults()
#6 C:\laragon\www\Thesis\2025\ascot-realestate\backend\system\CodeIgniter.php(933): App\Controllers\TransactionController->getQuickStats()
#7 C:\laragon\www\Thesis\2025\ascot-realestate\backend\system\CodeIgniter.php(507): CodeIgniter\CodeIgniter->runController(Object(App\Controllers\TransactionController))
#8 C:\laragon\www\Thesis\2025\ascot-realestate\backend\system\CodeIgniter.php(354): CodeIgniter\CodeIgniter->handleRequest(NULL, Object(Config\Cache), false)
#9 C:\laragon\www\Thesis\2025\ascot-realestate\backend\system\Boot.php(363): CodeIgniter\CodeIgniter->run()
#10 C:\laragon\www\Thesis\2025\ascot-realestate\backend\system\Boot.php(68): CodeIgniter\Boot::runCodeIgniter(Object(CodeIgniter\CodeIgniter))
#11 C:\laragon\www\Thesis\2025\ascot-realestate\backend\public\index.php(72): CodeIgniter\Boot::bootWeb(Object(Config\Paths))
#12 C:\laragon\www\Thesis\2025\ascot-realestate\backend\system\rewrite.php(44): require_once('C:\\laragon\\www\\...')
#13 {main}
ERROR - 2025-11-03 20:44:37 --> mysqli_sql_exception: Unknown column 'status' in 'where clause' in C:\laragon\www\Thesis\2025\ascot-realestate\backend\system\Database\MySQLi\Connection.php:327
Stack trace:
#0 C:\laragon\www\Thesis\2025\ascot-realestate\backend\system\Database\MySQLi\Connection.php(327): mysqli->query('SELECT COUNT(*)...', 0)
#1 C:\laragon\www\Thesis\2025\ascot-realestate\backend\system\Database\BaseConnection.php(729): CodeIgniter\Database\MySQLi\Connection->execute('SELECT COUNT(*)...')
#2 C:\laragon\www\Thesis\2025\ascot-realestate\backend\system\Database\BaseConnection.php(646): CodeIgniter\Database\BaseConnection->simpleQuery('SELECT COUNT(*)...')
#3 C:\laragon\www\Thesis\2025\ascot-realestate\backend\system\Database\BaseBuilder.php(1733): CodeIgniter\Database\BaseConnection->query('SELECT COUNT(*)...', Array, false)
#4 C:\laragon\www\Thesis\2025\ascot-realestate\backend\system\Model.php(675): CodeIgniter\Database\BaseBuilder->countAllResults(true)
#5 C:\laragon\www\Thesis\2025\ascot-realestate\backend\app\Controllers\TransactionController.php(215): CodeIgniter\Model->countAllResults()
#6 C:\laragon\www\Thesis\2025\ascot-realestate\backend\system\CodeIgniter.php(933): App\Controllers\TransactionController->getQuickStats()
#7 C:\laragon\www\Thesis\2025\ascot-realestate\backend\system\CodeIgniter.php(507): CodeIgniter\CodeIgniter->runController(Object(App\Controllers\TransactionController))
#8 C:\laragon\www\Thesis\2025\ascot-realestate\backend\system\CodeIgniter.php(354): CodeIgniter\CodeIgniter->handleRequest(NULL, Object(Config\Cache), false)
#9 C:\laragon\www\Thesis\2025\ascot-realestate\backend\system\Boot.php(363): CodeIgniter\CodeIgniter->run()
#10 C:\laragon\www\Thesis\2025\ascot-realestate\backend\system\Boot.php(68): CodeIgniter\Boot::runCodeIgniter(Object(CodeIgniter\CodeIgniter))
#11 C:\laragon\www\Thesis\2025\ascot-realestate\backend\public\index.php(72): CodeIgniter\Boot::bootWeb(Object(Config\Paths))
#12 C:\laragon\www\Thesis\2025\ascot-realestate\backend\system\rewrite.php(44): require_once('C:\\laragon\\www\\...')
#13 {main}
ERROR - 2025-11-03 20:45:16 --> mysqli_sql_exception: Unknown column 'status' in 'where clause' in C:\laragon\www\Thesis\2025\ascot-realestate\backend\system\Database\MySQLi\Connection.php:327
Stack trace:
#0 C:\laragon\www\Thesis\2025\ascot-realestate\backend\system\Database\MySQLi\Connection.php(327): mysqli->query('SELECT COUNT(*)...', 0)
#1 C:\laragon\www\Thesis\2025\ascot-realestate\backend\system\Database\BaseConnection.php(729): CodeIgniter\Database\MySQLi\Connection->execute('SELECT COUNT(*)...')
#2 C:\laragon\www\Thesis\2025\ascot-realestate\backend\system\Database\BaseConnection.php(646): CodeIgniter\Database\BaseConnection->simpleQuery('SELECT COUNT(*)...')
#3 C:\laragon\www\Thesis\2025\ascot-realestate\backend\system\Database\BaseBuilder.php(1733): CodeIgniter\Database\BaseConnection->query('SELECT COUNT(*)...', Array, false)
#4 C:\laragon\www\Thesis\2025\ascot-realestate\backend\system\Model.php(675): CodeIgniter\Database\BaseBuilder->countAllResults(true)
#5 C:\laragon\www\Thesis\2025\ascot-realestate\backend\app\Controllers\TransactionController.php(215): CodeIgniter\Model->countAllResults()
#6 C:\laragon\www\Thesis\2025\ascot-realestate\backend\system\CodeIgniter.php(933): App\Controllers\TransactionController->getQuickStats()
#7 C:\laragon\www\Thesis\2025\ascot-realestate\backend\system\CodeIgniter.php(507): CodeIgniter\CodeIgniter->runController(Object(App\Controllers\TransactionController))
#8 C:\laragon\www\Thesis\2025\ascot-realestate\backend\system\CodeIgniter.php(354): CodeIgniter\CodeIgniter->handleRequest(NULL, Object(Config\Cache), false)
#9 C:\laragon\www\Thesis\2025\ascot-realestate\backend\system\Boot.php(363): CodeIgniter\CodeIgniter->run()
#10 C:\laragon\www\Thesis\2025\ascot-realestate\backend\system\Boot.php(68): CodeIgniter\Boot::runCodeIgniter(Object(CodeIgniter\CodeIgniter))
#11 C:\laragon\www\Thesis\2025\ascot-realestate\backend\public\index.php(72): CodeIgniter\Boot::bootWeb(Object(Config\Paths))
#12 C:\laragon\www\Thesis\2025\ascot-realestate\backend\system\rewrite.php(44): require_once('C:\\laragon\\www\\...')
#13 {main}
ERROR - 2025-11-03 20:54:18 --> mysqli_sql_exception: Unknown column 'status' in 'where clause' in C:\laragon\www\Thesis\2025\ascot-realestate\backend\system\Database\MySQLi\Connection.php:327
Stack trace:
#0 C:\laragon\www\Thesis\2025\ascot-realestate\backend\system\Database\MySQLi\Connection.php(327): mysqli->query('SELECT COUNT(*)...', 0)
#1 C:\laragon\www\Thesis\2025\ascot-realestate\backend\system\Database\BaseConnection.php(729): CodeIgniter\Database\MySQLi\Connection->execute('SELECT COUNT(*)...')
#2 C:\laragon\www\Thesis\2025\ascot-realestate\backend\system\Database\BaseConnection.php(646): CodeIgniter\Database\BaseConnection->simpleQuery('SELECT COUNT(*)...')
#3 C:\laragon\www\Thesis\2025\ascot-realestate\backend\system\Database\BaseBuilder.php(1733): CodeIgniter\Database\BaseConnection->query('SELECT COUNT(*)...', Array, false)
#4 C:\laragon\www\Thesis\2025\ascot-realestate\backend\system\Model.php(675): CodeIgniter\Database\BaseBuilder->countAllResults(true)
#5 C:\laragon\www\Thesis\2025\ascot-realestate\backend\app\Controllers\TransactionController.php(226): CodeIgniter\Model->countAllResults()
#6 C:\laragon\www\Thesis\2025\ascot-realestate\backend\system\CodeIgniter.php(933): App\Controllers\TransactionController->getQuickStats()
#7 C:\laragon\www\Thesis\2025\ascot-realestate\backend\system\CodeIgniter.php(507): CodeIgniter\CodeIgniter->runController(Object(App\Controllers\TransactionController))
#8 C:\laragon\www\Thesis\2025\ascot-realestate\backend\system\CodeIgniter.php(354): CodeIgniter\CodeIgniter->handleRequest(NULL, Object(Config\Cache), false)
#9 C:\laragon\www\Thesis\2025\ascot-realestate\backend\system\Boot.php(363): CodeIgniter\CodeIgniter->run()
#10 C:\laragon\www\Thesis\2025\ascot-realestate\backend\system\Boot.php(68): CodeIgniter\Boot::runCodeIgniter(Object(CodeIgniter\CodeIgniter))
#11 C:\laragon\www\Thesis\2025\ascot-realestate\backend\public\index.php(72): CodeIgniter\Boot::bootWeb(Object(Config\Paths))
#12 C:\laragon\www\Thesis\2025\ascot-realestate\backend\system\rewrite.php(44): require_once('C:\\laragon\\www\\...')
#13 {main}
ERROR - 2025-11-03 20:54:21 --> mysqli_sql_exception: Unknown column 'owner_name' in 'field list' in C:\laragon\www\Thesis\2025\ascot-realestate\backend\system\Database\MySQLi\Connection.php:327
Stack trace:
#0 C:\laragon\www\Thesis\2025\ascot-realestate\backend\system\Database\MySQLi\Connection.php(327): mysqli->query('SELECT `id`, `o...', 0)
#1 C:\laragon\www\Thesis\2025\ascot-realestate\backend\system\Database\BaseConnection.php(729): CodeIgniter\Database\MySQLi\Connection->execute('SELECT `id`, `o...')
#2 C:\laragon\www\Thesis\2025\ascot-realestate\backend\system\Database\BaseConnection.php(646): CodeIgniter\Database\BaseConnection->simpleQuery('SELECT `id`, `o...')
#3 C:\laragon\www\Thesis\2025\ascot-realestate\backend\system\Database\BaseBuilder.php(1649): CodeIgniter\Database\BaseConnection->query('SELECT `id`, `o...', Array, false)
#4 C:\laragon\www\Thesis\2025\ascot-realestate\backend\app\Controllers\TransactionController.php(41): CodeIgniter\Database\BaseBuilder->get()
#5 C:\laragon\www\Thesis\2025\ascot-realestate\backend\system\CodeIgniter.php(933): App\Controllers\TransactionController->getRequestsByStatus('approved')
#6 C:\laragon\www\Thesis\2025\ascot-realestate\backend\system\CodeIgniter.php(507): CodeIgniter\CodeIgniter->runController(Object(App\Controllers\TransactionController))
#7 C:\laragon\www\Thesis\2025\ascot-realestate\backend\system\CodeIgniter.php(354): CodeIgniter\CodeIgniter->handleRequest(NULL, Object(Config\Cache), false)
#8 C:\laragon\www\Thesis\2025\ascot-realestate\backend\system\Boot.php(363): CodeIgniter\CodeIgniter->run()
#9 C:\laragon\www\Thesis\2025\ascot-realestate\backend\system\Boot.php(68): CodeIgniter\Boot::runCodeIgniter(Object(CodeIgniter\CodeIgniter))
#10 C:\laragon\www\Thesis\2025\ascot-realestate\backend\public\index.php(72): CodeIgniter\Boot::bootWeb(Object(Config\Paths))
#11 C:\laragon\www\Thesis\2025\ascot-realestate\backend\system\rewrite.php(44): require_once('C:\\laragon\\www\\...')
#12 {main}
ERROR - 2025-11-03 20:54:44 --> mysqli_sql_exception: Unknown column 'status' in 'where clause' in C:\laragon\www\Thesis\2025\ascot-realestate\backend\system\Database\MySQLi\Connection.php:327
Stack trace:
#0 C:\laragon\www\Thesis\2025\ascot-realestate\backend\system\Database\MySQLi\Connection.php(327): mysqli->query('SELECT COUNT(*)...', 0)
#1 C:\laragon\www\Thesis\2025\ascot-realestate\backend\system\Database\BaseConnection.php(729): CodeIgniter\Database\MySQLi\Connection->execute('SELECT COUNT(*)...')
#2 C:\laragon\www\Thesis\2025\ascot-realestate\backend\system\Database\BaseConnection.php(646): CodeIgniter\Database\BaseConnection->simpleQuery('SELECT COUNT(*)...')
#3 C:\laragon\www\Thesis\2025\ascot-realestate\backend\system\Database\BaseBuilder.php(1733): CodeIgniter\Database\BaseConnection->query('SELECT COUNT(*)...', Array, false)
#4 C:\laragon\www\Thesis\2025\ascot-realestate\backend\system\Model.php(675): CodeIgniter\Database\BaseBuilder->countAllResults(true)
#5 C:\laragon\www\Thesis\2025\ascot-realestate\backend\app\Controllers\TransactionController.php(226): CodeIgniter\Model->countAllResults()
#6 C:\laragon\www\Thesis\2025\ascot-realestate\backend\system\CodeIgniter.php(933): App\Controllers\TransactionController->getQuickStats()
#7 C:\laragon\www\Thesis\2025\ascot-realestate\backend\system\CodeIgniter.php(507): CodeIgniter\CodeIgniter->runController(Object(App\Controllers\TransactionController))
#8 C:\laragon\www\Thesis\2025\ascot-realestate\backend\system\CodeIgniter.php(354): CodeIgniter\CodeIgniter->handleRequest(NULL, Object(Config\Cache), false)
#9 C:\laragon\www\Thesis\2025\ascot-realestate\backend\system\Boot.php(363): CodeIgniter\CodeIgniter->run()
#10 C:\laragon\www\Thesis\2025\ascot-realestate\backend\system\Boot.php(68): CodeIgniter\Boot::runCodeIgniter(Object(CodeIgniter\CodeIgniter))
#11 C:\laragon\www\Thesis\2025\ascot-realestate\backend\public\index.php(72): CodeIgniter\Boot::bootWeb(Object(Config\Paths))
#12 C:\laragon\www\Thesis\2025\ascot-realestate\backend\system\rewrite.php(44): require_once('C:\\laragon\\www\\...')
#13 {main}
ERROR - 2025-11-03 20:54:49 --> mysqli_sql_exception: Unknown column 'status' in 'where clause' in C:\laragon\www\Thesis\2025\ascot-realestate\backend\system\Database\MySQLi\Connection.php:327
Stack trace:
#0 C:\laragon\www\Thesis\2025\ascot-realestate\backend\system\Database\MySQLi\Connection.php(327): mysqli->query('SELECT COUNT(*)...', 0)
#1 C:\laragon\www\Thesis\2025\ascot-realestate\backend\system\Database\BaseConnection.php(729): CodeIgniter\Database\MySQLi\Connection->execute('SELECT COUNT(*)...')
#2 C:\laragon\www\Thesis\2025\ascot-realestate\backend\system\Database\BaseConnection.php(646): CodeIgniter\Database\BaseConnection->simpleQuery('SELECT COUNT(*)...')
#3 C:\laragon\www\Thesis\2025\ascot-realestate\backend\system\Database\BaseBuilder.php(1733): CodeIgniter\Database\BaseConnection->query('SELECT COUNT(*)...', Array, false)
#4 C:\laragon\www\Thesis\2025\ascot-realestate\backend\system\Model.php(675): CodeIgniter\Database\BaseBuilder->countAllResults(true)
#5 C:\laragon\www\Thesis\2025\ascot-realestate\backend\app\Controllers\TransactionController.php(226): CodeIgniter\Model->countAllResults()
#6 C:\laragon\www\Thesis\2025\ascot-realestate\backend\system\CodeIgniter.php(933): App\Controllers\TransactionController->getQuickStats()
#7 C:\laragon\www\Thesis\2025\ascot-realestate\backend\system\CodeIgniter.php(507): CodeIgniter\CodeIgniter->runController(Object(App\Controllers\TransactionController))
#8 C:\laragon\www\Thesis\2025\ascot-realestate\backend\system\CodeIgniter.php(354): CodeIgniter\CodeIgniter->handleRequest(NULL, Object(Config\Cache), false)
#9 C:\laragon\www\Thesis\2025\ascot-realestate\backend\system\Boot.php(363): CodeIgniter\CodeIgniter->run()
#10 C:\laragon\www\Thesis\2025\ascot-realestate\backend\system\Boot.php(68): CodeIgniter\Boot::runCodeIgniter(Object(CodeIgniter\CodeIgniter))
#11 C:\laragon\www\Thesis\2025\ascot-realestate\backend\public\index.php(72): CodeIgniter\Boot::bootWeb(Object(Config\Paths))
#12 C:\laragon\www\Thesis\2025\ascot-realestate\backend\system\rewrite.php(44): require_once('C:\\laragon\\www\\...')
#13 {main}
